<?xml version="1.0" encoding="UTF-8"?>
<testsuite xmlns:xsi="http://www.w3.org/2001/XMLSchema-instance" xsi:noNamespaceSchemaLocation="https://maven.apache.org/surefire/maven-surefire-plugin/xsd/surefire-test-report-3.0.xsd" version="3.0" name="com.project.PR124mainTest" time="0.048" tests="10" errors="2" skipped="0" failures="0">
  <properties>
[...]
</properties>
  <testcase name="testLecturaMultiplesRegistres" classname="com.project.PR124mainTest" time="0.013">
    <system-out><![CDATA[Estudiant afegit correctament.
Estudiant afegit correctament.
Estudiant afegit correctament.
Estudiant afegit correctament.
Estudiant afegit correctament.
Estudiant afegit correctament.
Estudiant afegit correctament.
Estudiant afegit correctament.
Estudiant afegit correctament.
Estudiant afegit correctament.
Estudiant afegit correctament.
Estudiant afegit correctament.
Estudiant afegit correctament.
Estudiant afegit correctament.
Estudiant afegit correctament.
Estudiant afegit correctament.
Estudiant afegit correctament.
Estudiant afegit correctament.
Estudiant afegit correctament.
Estudiant afegit correctament.
Estudiant afegit correctament.
Estudiant afegit correctament.
Estudiant afegit correctament.
Estudiant afegit correctament.
Estudiant afegit correctament.
Estudiant afegit correctament.
Estudiant afegit correctament.
Estudiant afegit correctament.
Estudiant afegit correctament.
Estudiant afegit correctament.
Estudiant afegit correctament.
Estudiant afegit correctament.
Estudiant afegit correctament.
Estudiant afegit correctament.
Estudiant afegit correctament.
Estudiant afegit correctament.
Estudiant afegit correctament.
Estudiant afegit correctament.
Estudiant afegit correctament.
Estudiant afegit correctament.
Estudiant afegit correctament.
Estudiant afegit correctament.
Estudiant afegit correctament.
Estudiant afegit correctament.
Estudiant afegit correctament.
Estudiant afegit correctament.
Estudiant afegit correctament.
Estudiant afegit correctament.
Estudiant afegit correctament.
Estudiant afegit correctament.
Estudiant afegit correctament.
Estudiant afegit correctament.
Estudiant afegit correctament.
Estudiant afegit correctament.
Estudiant afegit correctament.
Estudiant afegit correctament.
Estudiant afegit correctament.
Estudiant afegit correctament.
Estudiant afegit correctament.
Estudiant afegit correctament.
Estudiant afegit correctament.
Estudiant afegit correctament.
Estudiant afegit correctament.
Estudiant afegit correctament.
Estudiant afegit correctament.
Estudiant afegit correctament.
Estudiant afegit correctament.
Estudiant afegit correctament.
Estudiant afegit correctament.
Estudiant afegit correctament.
Estudiant afegit correctament.
Estudiant afegit correctament.
Estudiant afegit correctament.
Estudiant afegit correctament.
Estudiant afegit correctament.
Estudiant afegit correctament.
Estudiant afegit correctament.
Estudiant afegit correctament.
Estudiant afegit correctament.
Estudiant afegit correctament.
Estudiant afegit correctament.
Estudiant afegit correctament.
Estudiant afegit correctament.
Estudiant afegit correctament.
Estudiant afegit correctament.
Estudiant afegit correctament.
Estudiant afegit correctament.
Estudiant afegit correctament.
Estudiant afegit correctament.
Estudiant afegit correctament.
Estudiant afegit correctament.
Estudiant afegit correctament.
Estudiant afegit correctament.
Estudiant afegit correctament.
Estudiant afegit correctament.
Estudiant afegit correctament.
Estudiant afegit correctament.
Estudiant afegit correctament.
Estudiant afegit correctament.
Estudiant afegit correctament.
]]></system-out>
  </testcase>
  <testcase name="testLlistarEstudiants" classname="com.project.PR124mainTest" time="0.001">
    <system-out><![CDATA[Estudiant afegit correctament.
Estudiant afegit correctament.
]]></system-out>
  </testcase>
  <testcase name="testNomsAmbCaractersXinesos" classname="com.project.PR124mainTest" time="0.006">
    <system-out><![CDATA[Estudiant afegit correctament.
Estudiant afegit correctament.
]]></system-out>
  </testcase>
  <testcase name="testTruncamentNom" classname="com.project.PR124mainTest" time="0.005">
    <system-out><![CDATA[Estudiant afegit correctament.
]]></system-out>
  </testcase>
  <testcase name="testConsultarEstudiantNoExistent" classname="com.project.PR124mainTest" time="0.003">
    <system-out><![CDATA[Estudiant afegit correctament.
Estudiant afegit correctament.
No s'ha trobat l'estudiant amb registre: 3
]]></system-out>
  </testcase>
  <testcase name="testActualitzarNotaEstudiant" classname="com.project.PR124mainTest" time="0.002">
    <error type="java.io.IOException"><![CDATA[java.io.IOException: Descriptor de archivo erróneo
	at com.project.PR124mainTest.testActualitzarNotaEstudiant(PR124mainTest.java:77)
]]></error>
    <system-out><![CDATA[Estudiant afegit correctament.
]]></system-out>
  </testcase>
  <testcase name="testNomsAmbAccentsICaractersEspecials" classname="com.project.PR124mainTest" time="0.001">
    <system-out><![CDATA[Estudiant afegit correctament.
Estudiant afegit correctament.
]]></system-out>
  </testcase>
  <testcase name="testAfegirIConsultarEstudiant" classname="com.project.PR124mainTest" time="0.003">
    <system-out><![CDATA[Estudiant afegit correctament.
Registre: 1, Nom: Estudiant Test, Nota: 8.5
]]></system-out>
  </testcase>
  <testcase name="testActualitzarRegistreNoExistent" classname="com.project.PR124mainTest" time="0.002">
    <error type="java.io.FileNotFoundException"><![CDATA[java.io.FileNotFoundException: /tmp/junit17491647074973404737/PR124estudiants.dat (No existe el archivo o el directorio)
	at com.project.PR124mainTest.testActualitzarRegistreNoExistent(PR124mainTest.java:139)
]]></error>
  </testcase>
  <testcase name="testMidaRegistreCorrecte" classname="com.project.PR124mainTest" time="0.001">
    <system-out><![CDATA[Estudiant afegit correctament.
]]></system-out>
  </testcase>
</testsuite>