<?xml version="1.0" encoding="UTF-8"?>
<testsuite xmlns:xsi="http://www.w3.org/2001/XMLSchema-instance" xsi:noNamespaceSchemaLocation="https://maven.apache.org/surefire/maven-surefire-plugin/xsd/surefire-test-report-3.0.xsd" version="3.0" name="com.project.PR120mainPersonesHashmapTest" time="0.062" tests="3" errors="0" skipped="0" failures="1">
  <properties>
[...]
</properties>
  <testcase name="testLlegirFitxerInexistent" classname="com.project.PR120mainPersonesHashmapTest" time="0.039"/>
  <testcase name="testEscriureFitxerAmbError" classname="com.project.PR120mainPersonesHashmapTest" time="0.001"/>
  <testcase name="testEscriureILlegirPersones" classname="com.project.PR120mainPersonesHashmapTest" time="0.006">
    <failure type="org.opentest4j.AssertionFailedError"><![CDATA[org.opentest4j.AssertionFailedError: expected: <true> but was: <false>
	at com.project.PR120mainPersonesHashmapTest.testEscriureILlegirPersones(PR120mainPersonesHashmapTest.java:53)
]]></failure>
  </testcase>
</testsuite>