<?xml version="1.0" encoding="UTF-8"?>
<testsuite xmlns:xsi="http://www.w3.org/2001/XMLSchema-instance" xsi:noNamespaceSchemaLocation="https://maven.apache.org/surefire/maven-surefire-plugin/xsd/surefire-test-report-3.0.xsd" version="3.0" name="com.project.exemples.RandomAccessFilesVideojocsManagerTest" time="0.046" tests="10" errors="0" skipped="0" failures="0">
  <properties>
[...]
</properties>
  <testcase name="testActualitzarVideojocNoExistent" classname="com.project.exemples.RandomAccessFilesVideojocsManagerTest" time="0.004">
    <system-out><![CDATA[No s'ha trobat el videojoc amb registre: 999
]]></system-out>
  </testcase>
  <testcase name="testActualitzarNomVideojoc" classname="com.project.exemples.RandomAccessFilesVideojocsManagerTest" time="0.006">
    <system-out><![CDATA[Videojoc afegit correctament: Assassin's Creed
Nom actualitzat correctament per al registre: 1
Registre: 1, Nom: Assassin's Creed Valhalla
]]></system-out>
  </testcase>
  <testcase name="testLecturaMultiplesVideojocs" classname="com.project.exemples.RandomAccessFilesVideojocsManagerTest" time="0.009">
    <system-out><![CDATA[Videojoc afegit correctament: Videojoc1
Videojoc afegit correctament: Videojoc2
Videojoc afegit correctament: Videojoc3
Videojoc afegit correctament: Videojoc4
Videojoc afegit correctament: Videojoc5
Videojoc afegit correctament: Videojoc6
Videojoc afegit correctament: Videojoc7
Videojoc afegit correctament: Videojoc8
Videojoc afegit correctament: Videojoc9
Videojoc afegit correctament: Videojoc10
Videojoc afegit correctament: Videojoc11
Videojoc afegit correctament: Videojoc12
Videojoc afegit correctament: Videojoc13
Videojoc afegit correctament: Videojoc14
Videojoc afegit correctament: Videojoc15
Videojoc afegit correctament: Videojoc16
Videojoc afegit correctament: Videojoc17
Videojoc afegit correctament: Videojoc18
Videojoc afegit correctament: Videojoc19
Videojoc afegit correctament: Videojoc20
Videojoc afegit correctament: Videojoc21
Videojoc afegit correctament: Videojoc22
Videojoc afegit correctament: Videojoc23
Videojoc afegit correctament: Videojoc24
Videojoc afegit correctament: Videojoc25
Videojoc afegit correctament: Videojoc26
Videojoc afegit correctament: Videojoc27
Videojoc afegit correctament: Videojoc28
Videojoc afegit correctament: Videojoc29
Videojoc afegit correctament: Videojoc30
Videojoc afegit correctament: Videojoc31
Videojoc afegit correctament: Videojoc32
Videojoc afegit correctament: Videojoc33
Videojoc afegit correctament: Videojoc34
Videojoc afegit correctament: Videojoc35
Videojoc afegit correctament: Videojoc36
Videojoc afegit correctament: Videojoc37
Videojoc afegit correctament: Videojoc38
Videojoc afegit correctament: Videojoc39
Videojoc afegit correctament: Videojoc40
Videojoc afegit correctament: Videojoc41
Videojoc afegit correctament: Videojoc42
Videojoc afegit correctament: Videojoc43
Videojoc afegit correctament: Videojoc44
Videojoc afegit correctament: Videojoc45
Videojoc afegit correctament: Videojoc46
Videojoc afegit correctament: Videojoc47
Videojoc afegit correctament: Videojoc48
Videojoc afegit correctament: Videojoc49
Videojoc afegit correctament: Videojoc50
Videojoc afegit correctament: Videojoc51
Videojoc afegit correctament: Videojoc52
Videojoc afegit correctament: Videojoc53
Videojoc afegit correctament: Videojoc54
Videojoc afegit correctament: Videojoc55
Videojoc afegit correctament: Videojoc56
Videojoc afegit correctament: Videojoc57
Videojoc afegit correctament: Videojoc58
Videojoc afegit correctament: Videojoc59
Videojoc afegit correctament: Videojoc60
Videojoc afegit correctament: Videojoc61
Videojoc afegit correctament: Videojoc62
Videojoc afegit correctament: Videojoc63
Videojoc afegit correctament: Videojoc64
Videojoc afegit correctament: Videojoc65
Videojoc afegit correctament: Videojoc66
Videojoc afegit correctament: Videojoc67
Videojoc afegit correctament: Videojoc68
Videojoc afegit correctament: Videojoc69
Videojoc afegit correctament: Videojoc70
Videojoc afegit correctament: Videojoc71
Videojoc afegit correctament: Videojoc72
Videojoc afegit correctament: Videojoc73
Videojoc afegit correctament: Videojoc74
Videojoc afegit correctament: Videojoc75
Videojoc afegit correctament: Videojoc76
Videojoc afegit correctament: Videojoc77
Videojoc afegit correctament: Videojoc78
Videojoc afegit correctament: Videojoc79
Videojoc afegit correctament: Videojoc80
Videojoc afegit correctament: Videojoc81
Videojoc afegit correctament: Videojoc82
Videojoc afegit correctament: Videojoc83
Videojoc afegit correctament: Videojoc84
Videojoc afegit correctament: Videojoc85
Videojoc afegit correctament: Videojoc86
Videojoc afegit correctament: Videojoc87
Videojoc afegit correctament: Videojoc88
Videojoc afegit correctament: Videojoc89
Videojoc afegit correctament: Videojoc90
Videojoc afegit correctament: Videojoc91
Videojoc afegit correctament: Videojoc92
Videojoc afegit correctament: Videojoc93
Videojoc afegit correctament: Videojoc94
Videojoc afegit correctament: Videojoc95
Videojoc afegit correctament: Videojoc96
Videojoc afegit correctament: Videojoc97
Videojoc afegit correctament: Videojoc98
Videojoc afegit correctament: Videojoc99
Videojoc afegit correctament: Videojoc100
]]></system-out>
  </testcase>
  <testcase name="testNomsAmbCaractersXinesos" classname="com.project.exemples.RandomAccessFilesVideojocsManagerTest" time="0.002">
    <system-out><![CDATA[Videojoc afegit correctament: 王者荣耀
Videojoc afegit correctament: 和平精英
]]></system-out>
  </testcase>
  <testcase name="testTruncamentNomVideojoc" classname="com.project.exemples.RandomAccessFilesVideojocsManagerTest" time="0.001">
    <system-out><![CDATA[Videojoc afegit correctament: UnNomMoltLlargQueSuperaEls40BytesDeLongitud
]]></system-out>
  </testcase>
  <testcase name="testLlistarVideojocs" classname="com.project.exemples.RandomAccessFilesVideojocsManagerTest" time="0.004">
    <system-out><![CDATA[Videojoc afegit correctament: Assassin's Creed
Videojoc afegit correctament: The Legend of Zelda
]]></system-out>
  </testcase>
  <testcase name="testNomsAmbAccentsICaractersEspecials" classname="com.project.exemples.RandomAccessFilesVideojocsManagerTest" time="0.002">
    <system-out><![CDATA[Videojoc afegit correctament: Final Fantasy
Videojoc afegit correctament: Pokémon
]]></system-out>
  </testcase>
  <testcase name="testAfegirIConsultarVideojoc" classname="com.project.exemples.RandomAccessFilesVideojocsManagerTest" time="0.002">
    <system-out><![CDATA[Videojoc afegit correctament: Assassin's Creed
Registre: 1, Nom: Assassin's Creed
]]></system-out>
  </testcase>
  <testcase name="testConsultarVideojocNoExistent" classname="com.project.exemples.RandomAccessFilesVideojocsManagerTest" time="0.002">
    <system-out><![CDATA[Videojoc afegit correctament: Assassin's Creed
Videojoc afegit correctament: The Legend of Zelda
No s'ha trobat el videojoc amb registre: 3
]]></system-out>
  </testcase>
  <testcase name="testMidaRegistreCorrecte" classname="com.project.exemples.RandomAccessFilesVideojocsManagerTest" time="0.001">
    <system-out><![CDATA[Videojoc afegit correctament: Test Videojoc
]]></system-out>
  </testcase>
</testsuite>